3793
0 3 2 6
3 3 5 6
6 3 8 6
9 3 11 6
12 3 14 6
15 3 17 6
18 3 20 6
21 3 23 6
24 3 26 6
27 3 29 6
30 3 32 6
33 3 35 6
36 3 38 6
39 3 41 6
42 3 44 6
46 3 48 6
51 3 53 6
54 3 56 6
57 3 59 6
60 3 62 6
63 3 65 6
66 3 68 6
70 3 72 6
73 3 75 6
76 3 78 6
79 3 81 6
86 3 88 6
89 3 91 6
92 3 94 6
95 3 97 6
98 3 100 6
101 3 103 6
106 3 108 6
109 3 111 6
112 3 114 6
115 3 117 6
118 3 120 6
121 3 123 6
124 3 126 6
127 3 129 6
130 3 132 6
133 3 135 6
136 3 138 6
139 3 141 6
143 3 145 6
146 3 148 6
149 3 151 6
152 3 154 6
155 3 157 6
158 3 160 6
161 3 163 6
164 3 166 6
167 3 169 6
170 3 172 6
173 3 175 6
176 3 178 6
179 3 181 6
182 3 184 6
185 3 187 6
189 3 191 6
192 3 194 6
195 3 197 6
198 3 200 6
201 3 203 6
204 3 206 6
207 3 209 6
212 3 214 6
215 3 217 6
218 3 220 6
221 3 223 6
224 3 226 6
227 3 229 6
230 3 232 6
233 3 235 6
236 3 238 6
240 3 242 6
243 3 245 6
246 3 248 6
0 9 1 14
2 9 3 14
5 9 6 14
7 9 8 14
9 9 10 14
11 9 12 14
13 9 14 14
15 9 16 14
18 9 19 14
20 9 21 14
23 9 24 14
25 9 26 14
27 9 28 14
29 9 30 14
31 9 32 14
33 9 34 14
35 9 36 14
37 9 38 14
39 9 40 14
41 9 42 14
43 9 44 14
45 9 46 14
47 9 48 14
49 9 50 14
51 9 52 14
53 9 54 14
55 9 56 14
58 9 59 14
60 9 61 14
62 9 63 14
64 9 65 14
66 9 67 14
68 9 69 14
71 9 72 14
73 9 74 14
75 9 76 14
77 9 78 14
79 9 80 14
85 9 86 14
87 9 88 14
89 9 90 14
91 9 92 14
94 9 95 14
96 9 97 14
99 9 100 14
101 9 102 14
104 9 105 14
106 9 107 14
108 9 109 14
111 9 112 14
114 9 115 14
116 9 117 14
120 9 121 14
122 9 123 14
124 9 125 14
126 9 127 14
128 9 129 14
130 9 131 14
134 9 135 14
136 9 137 14
138 9 139 14
140 9 141 14
142 9 143 14
144 9 145 14
146 9 147 14
148 9 149 14
150 9 151 14
152 9 153 14
154 9 155 14
156 9 157 14
161 9 162 14
163 9 164 14
165 9 166 14
167 9 168 14
171 9 172 14
173 9 174 14
175 9 176 14
177 9 178 14
180 9 181 14
182 9 183 14
184 9 185 14
186 9 187 14
188 9 189 14
190 9 191 14
192 9 193 14
195 9 196 14
197 9 198 14
199 9 200 14
201 9 202 14
203 9 204 14
205 9 206 14
207 9 208 14
209 9 210 14
211 9 212 14
213 9 214 14
216 9 217 14
218 9 219 14
221 9 222 14
223 9 224 14
225 9 226 14
227 9 228 14
229 9 230 14
231 9 232 14
233 9 234 14
235 9 236 14
237 9 238 14
239 9 240 14
241 9 242 14
244 9 245 14
246 9 247 14
248 9 249 14
0 15 1 20
2 15 3 20
5 15 6 20
8 15 9 20
10 15 11 20
12 15 13 20
14 15 15 20
16 15 17 20
19 15 20 20
21 15 22 20
23 15 24 20
25 15 26 20
27 15 28 20
29 15 30 20
31 15 32 20
33 15 34 20
35 15 36 20
37 15 38 20
39 15 40 20
41 15 42 20
43 15 44 20
45 15 46 20
47 15 48 20
49 15 50 20
51 15 52 20
53 15 54 20
55 15 56 20
57 15 58 20
59 15 60 20
61 15 62 20
63 15 64 20
65 15 66 20
68 15 69 20
70 15 71 20
73 15 74 20
75 15 76 20
79 15 80 20
81 15 82 20
83 15 84 20
85 15 86 20
87 15 88 20
89 15 90 20
91 15 92 20
93 15 94 20
96 15 97 20
100 15 101 20
102 15 103 20
104 15 105 20
106 15 107 20
108 15 109 20
110 15 111 20
112 15 113 20
114 15 115 20
117 15 118 20
119 15 120 20
121 15 122 20
123 15 124 20
125 15 126 20
127 15 128 20
129 15 130 20
131 15 132 20
133 15 134 20
135 15 136 20
137 15 138 20
139 15 140 20
141 15 142 20
143 15 144 20
145 15 146 20
148 15 149 20
150 15 151 20
152 15 153 20
154 15 155 20
156 15 157 20
158 15 159 20
161 15 162 20
163 15 164 20
165 15 166 20
168 15 169 20
170 15 171 20
172 15 173 20
174 15 175 20
176 15 177 20
178 15 179 20
180 15 181 20
182 15 183 20
184 15 185 20
186 15 187 20
188 15 189 20
190 15 191 20
192 15 193 20
194 15 195 20
196 15 197 20
198 15 199 20
201 15 202 20
203 15 204 20
205 15 206 20
207 15 208 20
209 15 210 20
211 15 212 20
213 15 214 20
215 15 216 20
217 15 218 20
219 15 220 20
221 15 222 20
223 15 224 20
225 15 226 20
227 15 228 20
229 15 230 20
232 15 233 20
234 15 235 20
236 15 237 20
238 15 239 20
241 15 242 20
243 15 244 20
245 15 246 20
247 15 248 20
0 21 1 26
2 21 3 26
4 21 5 26
7 21 8 26
9 21 10 26
11 21 12 26
13 21 14 26
15 21 16 26
17 21 18 26
19 21 20 26
21 21 22 26
23 21 24 26
25 21 26 26
27 21 28 26
30 21 31 26
32 21 33 26
34 21 35 26
36 21 37 26
38 21 39 26
41 21 42 26
43 21 44 26
47 21 48 26
49 21 50 26
51 21 52 26
53 21 54 26
55 21 56 26
57 21 58 26
59 21 60 26
61 21 62 26
63 21 64 26
65 21 66 26
67 21 68 26
69 21 70 26
71 21 72 26
73 21 74 26
75 21 76 26
77 21 78 26
79 21 80 26
81 21 82 26
84 21 85 26
86 21 87 26
88 21 89 26
90 21 91 26
92 21 93 26
94 21 95 26
96 21 97 26
98 21 99 26
100 21 101 26
103 21 104 26
105 21 106 26
107 21 108 26
109 21 110 26
111 21 112 26
113 21 114 26
115 21 116 26
118 21 119 26
121 21 122 26
123 21 124 26
125 21 126 26
127 21 128 26
129 21 130 26
131 21 132 26
133 21 134 26
135 21 136 26
138 21 139 26
140 21 141 26
142 21 143 26
144 21 145 26
146 21 147 26
148 21 149 26
150 21 151 26
152 21 153 26
155 21 156 26
158 21 159 26
160 21 161 26
162 21 163 26
164 21 165 26
166 21 167 26
168 21 169 26
170 21 171 26
172 21 173 26
175 21 176 26
177 21 178 26
179 21 180 26
181 21 182 26
183 21 184 26
185 21 186 26
187 21 188 26
189 21 190 26
191 21 192 26
193 21 194 26
195 21 196 26
198 21 199 26
200 21 201 26
202 21 203 26
204 21 205 26
206 21 207 26
209 21 210 26
211 21 212 26
213 21 214 26
215 21 216 26
217 21 218 26
219 21 220 26
221 21 222 26
223 21 224 26
225 21 226 26
227 21 228 26
229 21 230 26
231 21 232 26
233 21 234 26
235 21 236 26
237 21 238 26
239 21 240 26
242 21 243 26
244 21 245 26
246 21 247 26
248 21 249 26
0 27 1 32
4 27 5 32
6 27 7 32
8 27 9 32
10 27 11 32
12 27 13 32
14 27 15 32
16 27 17 32
20 27 21 32
22 27 23 32
24 27 25 32
26 27 27 32
28 27 29 32
30 27 31 32
32 27 33 32
35 27 36 32
37 27 38 32
39 27 40 32
41 27 42 32
43 27 44 32
45 27 46 32
47 27 48 32
49 27 50 32
51 27 52 32
53 27 54 32
55 27 56 32
57 27 58 32
59 27 60 32
61 27 62 32
63 27 64 32
65 27 66 32
67 27 68 32
69 27 70 32
71 27 72 32
74 27 75 32
76 27 77 32
78 27 79 32
83 27 84 32
85 27 86 32
88 27 89 32
90 27 91 32
92 27 93 32
94 27 95 32
96 27 97 32
99 27 100 32
101 27 102 32
103 27 104 32
106 27 107 32
108 27 109 32
110 27 111 32
112 27 113 32
114 27 115 32
116 27 117 32
118 27 119 32
120 27 121 32
122 27 123 32
125 27 126 32
127 27 128 32
131 27 132 32
133 27 134 32
135 27 136 32
137 27 138 32
139 27 140 32
141 27 142 32
143 27 144 32
145 27 146 32
147 27 148 32
149 27 150 32
151 27 152 32
153 27 154 32
155 27 156 32
158 27 159 32
161 27 162 32
163 27 164 32
165 27 166 32
167 27 168 32
169 27 170 32
171 27 172 32
173 27 174 32
175 27 176 32
177 27 178 32
179 27 180 32
181 27 182 32
183 27 184 32
185 27 186 32
187 27 188 32
189 27 190 32
192 27 193 32
194 27 195 32
196 27 197 32
200 27 201 32
202 27 203 32
204 27 205 32
206 27 207 32
208 27 209 32
210 27 211 32
212 27 213 32
214 27 215 32
216 27 217 32
218 27 219 32
220 27 221 32
223 27 224 32
225 27 226 32
227 27 228 32
229 27 230 32
231 27 232 32
233 27 234 32
237 27 238 32
239 27 240 32
241 27 242 32
243 27 244 32
245 27 246 32
247 27 248 32
0 33 1 38
2 33 3 38
5 33 6 38
7 33 8 38
9 33 10 38
11 33 12 38
13 33 14 38
15 33 16 38
17 33 18 38
19 33 20 38
22 33 23 38
24 33 25 38
26 33 27 38
28 33 29 38
30 33 31 38
32 33 33 38
34 33 35 38
36 33 37 38
38 33 39 38
40 33 41 38
42 33 43 38
44 33 45 38
47 33 48 38
49 33 50 38
51 33 52 38
53 33 54 38
55 33 56 38
57 33 58 38
59 33 60 38
61 33 62 38
63 33 64 38
65 33 66 38
67 33 68 38
69 33 70 38
71 33 72 38
73 33 74 38
75 33 76 38
77 33 78 38
79 33 80 38
81 33 82 38
83 33 84 38
85 33 86 38
87 33 88 38
89 33 90 38
91 33 92 38
93 33 94 38
95 33 96 38
97 33 98 38
99 33 100 38
101 33 102 38
105 33 106 38
107 33 108 38
109 33 110 38
111 33 112 38
114 33 115 38
116 33 117 38
118 33 119 38
120 33 121 38
122 33 123 38
124 33 125 38
126 33 127 38
128 33 129 38
132 33 133 38
134 33 135 38
136 33 137 38
138 33 139 38
140 33 141 38
142 33 143 38
144 33 145 38
148 33 149 38
150 33 151 38
152 33 153 38
154 33 155 38
157 33 158 38
159 33 160 38
161 33 162 38
163 33 164 38
165 33 166 38
169 33 170 38
171 33 172 38
173 33 174 38
175 33 176 38
177 33 178 38
179 33 180 38
182 33 183 38
185 33 186 38
187 33 188 38
189 33 190 38
191 33 192 38
193 33 194 38
195 33 196 38
197 33 198 38
200 33 201 38
202 33 203 38
204 33 205 38
206 33 207 38
210 33 211 38
212 33 213 38
214 33 215 38
217 33 218 38
219 33 220 38
221 33 222 38
223 33 224 38
225 33 226 38
227 33 228 38
229 33 230 38
231 33 232 38
233 33 234 38
235 33 236 38
237 33 238 38
239 33 240 38
241 33 242 38
243 33 244 38
245 33 246 38
247 33 248 38
1 39 2 44
3 39 4 44
5 39 6 44
7 39 8 44
9 39 10 44
11 39 12 44
13 39 14 44
15 39 16 44
17 39 18 44
19 39 20 44
21 39 22 44
23 39 24 44
25 39 26 44
27 39 28 44
29 39 30 44
31 39 32 44
33 39 34 44
35 39 36 44
37 39 38 44
41 39 42 44
43 39 44 44
46 39 47 44
48 39 49 44
50 39 51 44
52 39 53 44
54 39 55 44
57 39 58 44
59 39 60 44
61 39 62 44
63 39 64 44
66 39 67 44
68 39 69 44
70 39 71 44
72 39 73 44
74 39 75 44
76 39 77 44
78 39 79 44
80 39 81 44
82 39 83 44
84 39 85 44
86 39 87 44
88 39 89 44
90 39 91 44
92 39 93 44
94 39 95 44
96 39 97 44
98 39 99 44
101 39 102 44
103 39 104 44
105 39 106 44
107 39 108 44
109 39 110 44
111 39 112 44
113 39 114 44
115 39 116 44
120 39 121 44
122 39 123 44
124 39 125 44
126 39 127 44
128 39 129 44
130 39 131 44
132 39 133 44
134 39 135 44
136 39 137 44
138 39 139 44
140 39 141 44
142 39 143 44
144 39 145 44
146 39 147 44
150 39 151 44
152 39 153 44
154 39 155 44
156 39 157 44
158 39 159 44
160 39 161 44
162 39 163 44
164 39 165 44
166 39 167 44
168 39 169 44
170 39 171 44
172 39 173 44
174 39 175 44
176 39 177 44
178 39 179 44
180 39 181 44
183 39 184 44
185 39 186 44
187 39 188 44
189 39 190 44
191 39 192 44
193 39 194 44
195 39 196 44
197 39 198 44
199 39 200 44
201 39 202 44
203 39 204 44
205 39 206 44
207 39 208 44
210 39 211 44
212 39 213 44
214 39 215 44
217 39 218 44
219 39 220 44
221 39 222 44
223 39 224 44
225 39 226 44
227 39 228 44
230 39 231 44
232 39 233 44
234 39 235 44
236 39 237 44
238 39 239 44
241 39 242 44
243 39 244 44
245 39 246 44
247 39 248 44
0 45 1 50
2 45 3 50
4 45 5 50
6 45 7 50
8 45 9 50
10 45 11 50
12 45 13 50
14 45 15 50
16 45 17 50
20 45 21 50
22 45 23 50
24 45 25 50
26 45 27 50
28 45 29 50
30 45 31 50
32 45 33 50
34 45 35 50
36 45 37 50
38 45 39 50
40 45 41 50
42 45 43 50
44 45 45 50
46 45 47 50
48 45 49 50
50 45 51 50
52 45 53 50
54 45 55 50
56 45 57 50
58 45 59 50
60 45 61 50
62 45 63 50
64 45 65 50
66 45 67 50
68 45 69 50
70 45 71 50
72 45 73 50
74 45 75 50
76 45 77 50
78 45 79 50
80 45 81 50
82 45 83 50
84 45 85 50
86 45 87 50
88 45 89 50
90 45 91 50
92 45 93 50
94 45 95 50
96 45 97 50
98 45 99 50
100 45 101 50
102 45 103 50
104 45 105 50
107 45 108 50
109 45 110 50
111 45 112 50
115 45 116 50
117 45 118 50
119 45 120 50
121 45 122 50
123 45 124 50
125 45 126 50
127 45 128 50
129 45 130 50
132 45 133 50
134 45 135 50
136 45 137 50
138 45 139 50
140 45 141 50
142 45 143 50
144 45 145 50
146 45 147 50
148 45 149 50
150 45 151 50
152 45 153 50
155 45 156 50
157 45 158 50
159 45 160 50
161 45 162 50
163 45 164 50
165 45 166 50
167 45 168 50
169 45 170 50
171 45 172 50
174 45 175 50
176 45 177 50
178 45 179 50
180 45 181 50
182 45 183 50
185 45 186 50
188 45 189 50
190 45 191 50
192 45 193 50
194 45 195 50
196 45 197 50
198 45 199 50
200 45 201 50
203 45 204 50
205 45 206 50
207 45 208 50
209 45 210 50
211 45 212 50
213 45 214 50
215 45 216 50
217 45 218 50
219 45 220 50
222 45 223 50
224 45 225 50
226 45 227 50
228 45 229 50
230 45 231 50
232 45 233 50
236 45 237 50
238 45 239 50
240 45 241 50
245 45 246 50
247 45 248 50
0 51 1 56
2 51 3 56
4 51 5 56
6 51 7 56
8 51 9 56
10 51 11 56
12 51 13 56
14 51 15 56
17 51 18 56
19 51 20 56
21 51 22 56
23 51 24 56
25 51 26 56
27 51 28 56
29 51 30 56
31 51 32 56
33 51 34 56
35 51 36 56
37 51 38 56
39 51 40 56
42 51 43 56
44 51 45 56
46 51 47 56
49 51 50 56
51 51 52 56
53 51 54 56
55 51 56 56
57 51 58 56
59 51 60 56
61 51 62 56
64 51 65 56
66 51 67 56
68 51 69 56
70 51 71 56
72 51 73 56
74 51 75 56
76 51 77 56
78 51 79 56
80 51 81 56
82 51 83 56
84 51 85 56
86 51 87 56
88 51 89 56
90 51 91 56
92 51 93 56
94 51 95 56
96 51 97 56
98 51 99 56
100 51 101 56
102 51 103 56
104 51 105 56
106 51 107 56
108 51 109 56
110 51 111 56
112 51 113 56
115 51 116 56
117 51 118 56
119 51 120 56
122 51 123 56
124 51 125 56
126 51 127 56
128 51 129 56
130 51 131 56
133 51 134 56
136 51 137 56
138 51 139 56
140 51 141 56
142 51 143 56
144 51 145 56
147 51 148 56
150 51 151 56
153 51 154 56
156 51 157 56
159 51 160 56
161 51 162 56
163 51 164 56
165 51 166 56
167 51 168 56
169 51 170 56
171 51 172 56
173 51 174 56
175 51 176 56
178 51 179 56
180 51 181 56
182 51 183 56
184 51 185 56
186 51 187 56
188 51 189 56
190 51 191 56
192 51 193 56
194 51 195 56
196 51 197 56
198 51 199 56
200 51 201 56
202 51 203 56
204 51 205 56
206 51 207 56
210 51 211 56
212 51 213 56
214 51 215 56
216 51 217 56
218 51 219 56
220 51 221 56
222 51 223 56
224 51 225 56
226 51 227 56
228 51 229 56
230 51 231 56
232 51 233 56
234 51 235 56
240 51 241 56
242 51 243 56
245 51 246 56
247 51 248 56
0 55 2 58
3 55 5 58
6 55 8 58
9 55 11 58
12 55 14 58
16 55 18 58
19 55 21 58
24 55 26 58
27 55 29 58
30 55 32 58
33 55 35 58
36 55 38 58
39 55 41 58
42 55 44 58
45 55 47 58
49 55 51 58
52 55 54 58
55 55 57 58
58 55 60 58
61 55 63 58
64 55 66 58
67 55 69 58
70 55 72 58
74 55 76 58
77 55 79 58
80 55 82 58
83 55 85 58
86 55 88 58
89 55 91 58
92 55 94 58
95 55 97 58
98 55 100 58
101 55 103 58
104 55 106 58
107 55 109 58
111 55 113 58
114 55 116 58
117 55 119 58
120 55 122 58
123 55 125 58
126 55 128 58
129 55 131 58
132 55 134 58
135 55 137 58
139 55 141 58
142 55 144 58
145 55 147 58
148 55 150 58
151 55 153 58
154 55 156 58
157 55 159 58
160 55 162 58
163 55 165 58
166 55 168 58
169 55 171 58
172 55 174 58
175 55 177 58
178 55 180 58
181 55 183 58
184 55 186 58
187 55 189 58
190 55 192 58
193 55 195 58
196 55 198 58
199 55 201 58
203 55 205 58
206 55 208 58
210 55 212 58
213 55 215 58
217 55 219 58
220 55 222 58
223 55 225 58
226 55 228 58
229 55 231 58
232 55 234 58
235 55 237 58
240 55 242 58
245 55 247 58
1 61 2 66
6 61 7 66
8 61 9 66
10 61 11 66
12 61 13 66
14 61 15 66
16 61 17 66
18 61 19 66
20 61 21 66
22 61 23 66
24 61 25 66
26 61 27 66
28 61 29 66
30 61 31 66
32 61 33 66
34 61 35 66
36 61 37 66
39 61 40 66
41 61 42 66
43 61 44 66
45 61 46 66
47 61 48 66
49 61 50 66
51 61 52 66
53 61 54 66
55 61 56 66
57 61 58 66
59 61 60 66
61 61 62 66
64 61 65 66
66 61 67 66
68 61 69 66
70 61 71 66
72 61 73 66
74 61 75 66
77 61 78 66
79 61 80 66
81 61 82 66
83 61 84 66
85 61 86 66
88 61 89 66
90 61 91 66
92 61 93 66
94 61 95 66
96 61 97 66
99 61 100 66
101 61 102 66
104 61 105 66
106 61 107 66
108 61 109 66
110 61 111 66
112 61 113 66
114 61 115 66
116 61 117 66
118 61 119 66
120 61 121 66
123 61 124 66
125 61 126 66
129 61 130 66
133 61 134 66
135 61 136 66
137 61 138 66
139 61 140 66
141 61 142 66
143 61 144 66
145 61 146 66
147 61 148 66
149 61 150 66
151 61 152 66
155 61 156 66
157 61 158 66
159 61 160 66
161 61 162 66
163 61 164 66
165 61 166 66
167 61 168 66
172 61 173 66
174 61 175 66
176 61 177 66
178 61 179 66
180 61 181 66
182 61 183 66
184 61 185 66
186 61 187 66
188 61 189 66
190 61 191 66
193 61 194 66
195 61 196 66
198 61 199 66
201 61 202 66
203 61 204 66
205 61 206 66
207 61 208 66
209 61 210 66
211 61 212 66
213 61 214 66
215 61 216 66
217 61 218 66
220 61 221 66
222 61 223 66
224 61 225 66
226 61 227 66
229 61 230 66
231 61 232 66
233 61 234 66
238 61 239 66
240 61 241 66
242 61 243 66
244 61 245 66
246 61 247 66
248 61 249 66
0 67 1 72
3 67 4 72
7 67 8 72
9 67 10 72
11 67 12 72
14 67 15 72
16 67 17 72
18 67 19 72
20 67 21 72
22 67 23 72
24 67 25 72
26 67 27 72
28 67 29 72
30 67 31 72
32 67 33 72
34 67 35 72
36 67 37 72
38 67 39 72
40 67 41 72
42 67 43 72
46 67 47 72
48 67 49 72
50 67 51 72
52 67 53 72
54 67 55 72
56 67 57 72
58 67 59 72
60 67 61 72
62 67 63 72
64 67 65 72
66 67 67 72
68 67 69 72
70 67 71 72
72 67 73 72
74 67 75 72
76 67 77 72
78 67 79 72
80 67 81 72
82 67 83 72
84 67 85 72
86 67 87 72
88 67 89 72
90 67 91 72
92 67 93 72
94 67 95 72
96 67 97 72
98 67 99 72
100 67 101 72
102 67 103 72
106 67 107 72
109 67 110 72
111 67 112 72
113 67 114 72
116 67 117 72
118 67 119 72
120 67 121 72
122 67 123 72
124 67 125 72
126 67 127 72
128 67 129 72
130 67 131 72
132 67 133 72
134 67 135 72
136 67 137 72
138 67 139 72
140 67 141 72
142 67 143 72
144 67 145 72
146 67 147 72
148 67 149 72
150 67 151 72
152 67 153 72
154 67 155 72
156 67 157 72
158 67 159 72
160 67 161 72
162 67 163 72
166 67 167 72
168 67 169 72
170 67 171 72
172 67 173 72
174 67 175 72
176 67 177 72
178 67 179 72
180 67 181 72
183 67 184 72
186 67 187 72
188 67 189 72
192 67 193 72
194 67 195 72
196 67 197 72
198 67 199 72
200 67 201 72
202 67 203 72
204 67 205 72
206 67 207 72
208 67 209 72
210 67 211 72
212 67 213 72
214 67 215 72
216 67 217 72
218 67 219 72
220 67 221 72
224 67 225 72
226 67 227 72
228 67 229 72
230 67 231 72
232 67 233 72
236 67 237 72
238 67 239 72
240 67 241 72
242 67 243 72
244 67 245 72
246 67 247 72
248 67 249 72
0 73 1 78
2 73 3 78
4 73 5 78
6 73 7 78
8 73 9 78
10 73 11 78
12 73 13 78
14 73 15 78
17 73 18 78
19 73 20 78
21 73 22 78
23 73 24 78
25 73 26 78
28 73 29 78
30 73 31 78
32 73 33 78
34 73 35 78
36 73 37 78
39 73 40 78
41 73 42 78
44 73 45 78
46 73 47 78
48 73 49 78
50 73 51 78
52 73 53 78
54 73 55 78
56 73 57 78
58 73 59 78
60 73 61 78
64 73 65 78
66 73 67 78
68 73 69 78
71 73 72 78
73 73 74 78
76 73 77 78
78 73 79 78
80 73 81 78
82 73 83 78
84 73 85 78
86 73 87 78
88 73 89 78
90 73 91 78
92 73 93 78
95 73 96 78
97 73 98 78
99 73 100 78
101 73 102 78
104 73 105 78
106 73 107 78
108 73 109 78
111 73 112 78
113 73 114 78
115 73 116 78
121 73 122 78
123 73 124 78
125 73 126 78
127 73 128 78
129 73 130 78
131 73 132 78
133 73 134 78
136 73 137 78
140 73 141 78
142 73 143 78
144 73 145 78
150 73 151 78
152 73 153 78
158 73 159 78
160 73 161 78
162 73 163 78
164 73 165 78
166 73 167 78
168 73 169 78
170 73 171 78
172 73 173 78
174 73 175 78
176 73 177 78
178 73 179 78
180 73 181 78
182 73 183 78
184 73 185 78
186 73 187 78
188 73 189 78
190 73 191 78
193 73 194 78
195 73 196 78
197 73 198 78
199 73 200 78
201 73 202 78
203 73 204 78
205 73 206 78
207 73 208 78
209 73 210 78
211 73 212 78
213 73 214 78
215 73 216 78
217 73 218 78
219 73 220 78
221 73 222 78
223 73 224 78
225 73 226 78
228 73 229 78
230 73 231 78
232 73 233 78
235 73 236 78
237 73 238 78
241 73 242 78
243 73 244 78
245 73 246 78
247 73 248 78
1 79 2 84
3 79 4 84
5 79 6 84
7 79 8 84
9 79 10 84
11 79 12 84
13 79 14 84
15 79 16 84
17 79 18 84
19 79 20 84
21 79 22 84
23 79 24 84
25 79 26 84
27 79 28 84
29 79 30 84
31 79 32 84
33 79 34 84
35 79 36 84
37 79 38 84
39 79 40 84
41 79 42 84
45 79 46 84
47 79 48 84
49 79 50 84
51 79 52 84
53 79 54 84
55 79 56 84
57 79 58 84
59 79 60 84
62 79 63 84
64 79 65 84
68 79 69 84
70 79 71 84
72 79 73 84
74 79 75 84
77 79 78 84
79 79 80 84
82 79 83 84
84 79 85 84
86 79 87 84
88 79 89 84
90 79 91 84
92 79 93 84
95 79 96 84
99 79 100 84
102 79 103 84
106 79 107 84
108 79 109 84
110 79 111 84
112 79 113 84
114 79 115 84
116 79 117 84
118 79 119 84
121 79 122 84
123 79 124 84
126 79 127 84
128 79 129 84
130 79 131 84
132 79 133 84
134 79 135 84
136 79 137 84
138 79 139 84
142 79 143 84
144 79 145 84
146 79 147 84
148 79 149 84
150 79 151 84
152 79 153 84
154 79 155 84
157 79 158 84
159 79 160 84
161 79 162 84
163 79 164 84
165 79 166 84
167 79 168 84
170 79 171 84
172 79 173 84
174 79 175 84
176 79 177 84
178 79 179 84
180 79 181 84
183 79 184 84
187 79 188 84
189 79 190 84
191 79 192 84
193 79 194 84
197 79 198 84
200 79 201 84
202 79 203 84
204 79 205 84
206 79 207 84
208 79 209 84
210 79 211 84
212 79 213 84
214 79 215 84
216 79 217 84
218 79 219 84
220 79 221 84
222 79 223 84
224 79 225 84
226 79 227 84
228 79 229 84
230 79 231 84
234 79 235 84
236 79 237 84
238 79 239 84
241 79 242 84
244 79 245 84
246 79 247 84
248 79 249 84
0 83 2 86
3 83 5 86
6 83 8 86
9 83 11 86
14 83 16 86
17 83 19 86
20 83 22 86
23 83 25 86
26 83 28 86
29 83 31 86
33 83 35 86
36 83 38 86
39 83 41 86
42 83 44 86
45 83 47 86
48 83 50 86
52 83 54 86
55 83 57 86
59 83 61 86
62 83 64 86
65 83 67 86
68 83 70 86
71 83 73 86
74 83 76 86
77 83 79 86
80 83 82 86
83 83 85 86
86 83 88 86
89 83 91 86
92 83 94 86
95 83 97 86
98 83 100 86
101 83 103 86
104 83 106 86
107 83 109 86
110 83 112 86
113 83 115 86
117 83 119 86
120 83 122 86
123 83 125 86
126 83 128 86
129 83 131 86
132 83 134 86
135 83 137 86
138 83 140 86
141 83 143 86
144 83 146 86
147 83 149 86
150 83 152 86
153 83 155 86
156 83 158 86
159 83 161 86
162 83 164 86
165 83 167 86
168 83 170 86
171 83 173 86
174 83 176 86
177 83 179 86
180 83 182 86
183 83 185 86
186 83 188 86
189 83 191 86
192 83 194 86
195 83 197 86
198 83 200 86
201 83 203 86
204 83 206 86
207 83 209 86
210 83 212 86
215 83 217 86
218 83 220 86
221 83 223 86
225 83 227 86
228 83 230 86
232 83 234 86
235 83 237 86
238 83 240 86
241 83 243 86
245 83 247 86
1 87 3 90
4 87 6 90
7 87 9 90
10 87 12 90
13 87 15 90
19 87 21 90
22 87 24 90
25 87 27 90
28 87 30 90
31 87 33 90
34 87 36 90
37 87 39 90
40 87 42 90
43 87 45 90
46 87 48 90
49 87 51 90
52 87 54 90
55 87 57 90
58 87 60 90
61 87 63 90
64 87 66 90
69 87 71 90
72 87 74 90
75 87 77 90
78 87 80 90
81 87 83 90
84 87 86 90
87 87 89 90
90 87 92 90
93 87 95 90
96 87 98 90
99 87 101 90
102 87 104 90
105 87 107 90
108 87 110 90
111 87 113 90
115 87 117 90
118 87 120 90
121 87 123 90
125 87 127 90
128 87 130 90
131 87 133 90
134 87 136 90
137 87 139 90
140 87 142 90
143 87 145 90
147 87 149 90
150 87 152 90
153 87 155 90
156 87 158 90
161 87 163 90
164 87 166 90
167 87 169 90
170 87 172 90
173 87 175 90
176 87 178 90
179 87 181 90
182 87 184 90
185 87 187 90
189 87 191 90
192 87 194 90
196 87 198 90
199 87 201 90
203 87 205 90
206 87 208 90
209 87 211 90
212 87 214 90
215 87 217 90
218 87 220 90
221 87 223 90
224 87 226 90
227 87 229 90
230 87 232 90
233 87 235 90
236 87 238 90
239 87 241 90
242 87 244 90
245 87 247 90
1 93 2 98
3 93 4 98
5 93 6 98
8 93 9 98
10 93 11 98
12 93 13 98
14 93 15 98
16 93 17 98
19 93 20 98
21 93 22 98
23 93 24 98
25 93 26 98
27 93 28 98
29 93 30 98
31 93 32 98
33 93 34 98
35 93 36 98
37 93 38 98
39 93 40 98
41 93 42 98
43 93 44 98
45 93 46 98
47 93 48 98
49 93 50 98
51 93 52 98
53 93 54 98
55 93 56 98
57 93 58 98
59 93 60 98
61 93 62 98
64 93 65 98
66 93 67 98
68 93 69 98
70 93 71 98
72 93 73 98
74 93 75 98
77 93 78 98
79 93 80 98
81 93 82 98
83 93 84 98
85 93 86 98
87 93 88 98
89 93 90 98
91 93 92 98
93 93 94 98
95 93 96 98
97 93 98 98
99 93 100 98
102 93 103 98
104 93 105 98
106 93 107 98
108 93 109 98
111 93 112 98
113 93 114 98
115 93 116 98
117 93 118 98
120 93 121 98
122 93 123 98
124 93 125 98
126 93 127 98
129 93 130 98
131 93 132 98
133 93 134 98
135 93 136 98
137 93 138 98
139 93 140 98
141 93 142 98
143 93 144 98
145 93 146 98
147 93 148 98
149 93 150 98
151 93 152 98
153 93 154 98
155 93 156 98
157 93 158 98
159 93 160 98
161 93 162 98
163 93 164 98
166 93 167 98
168 93 169 98
170 93 171 98
172 93 173 98
175 93 176 98
177 93 178 98
179 93 180 98
181 93 182 98
183 93 184 98
185 93 186 98
190 93 191 98
192 93 193 98
194 93 195 98
196 93 197 98
198 93 199 98
200 93 201 98
203 93 204 98
205 93 206 98
207 93 208 98
209 93 210 98
211 93 212 98
213 93 214 98
215 93 216 98
217 93 218 98
221 93 222 98
224 93 225 98
226 93 227 98
228 93 229 98
230 93 231 98
232 93 233 98
234 93 235 98
236 93 237 98
239 93 240 98
241 93 242 98
243 93 244 98
245 93 246 98
247 93 248 98
0 99 1 104
2 99 3 104
4 99 5 104
6 99 7 104
8 99 9 104
13 99 14 104
15 99 16 104
18 99 19 104
20 99 21 104
22 99 23 104
25 99 26 104
29 99 30 104
31 99 32 104
33 99 34 104
35 99 36 104
37 99 38 104
42 99 43 104
44 99 45 104
46 99 47 104
48 99 49 104
50 99 51 104
52 99 53 104
55 99 56 104
58 99 59 104
60 99 61 104
62 99 63 104
64 99 65 104
66 99 67 104
73 99 74 104
75 99 76 104
77 99 78 104
79 99 80 104
81 99 82 104
84 99 85 104
86 99 87 104
88 99 89 104
90 99 91 104
92 99 93 104
95 99 96 104
97 99 98 104
99 99 100 104
101 99 102 104
103 99 104 104
105 99 106 104
107 99 108 104
109 99 110 104
111 99 112 104
113 99 114 104
115 99 116 104
117 99 118 104
119 99 120 104
122 99 123 104
124 99 125 104
126 99 127 104
128 99 129 104
130 99 131 104
132 99 133 104
134 99 135 104
136 99 137 104
138 99 139 104
140 99 141 104
142 99 143 104
144 99 145 104
146 99 147 104
148 99 149 104
151 99 152 104
153 99 154 104
155 99 156 104
158 99 159 104
160 99 161 104
164 99 165 104
166 99 167 104
168 99 169 104
170 99 171 104
173 99 174 104
175 99 176 104
177 99 178 104
179 99 180 104
181 99 182 104
183 99 184 104
185 99 186 104
187 99 188 104
189 99 190 104
191 99 192 104
193 99 194 104
195 99 196 104
197 99 198 104
199 99 200 104
202 99 203 104
205 99 206 104
207 99 208 104
209 99 210 104
211 99 212 104
213 99 214 104
215 99 216 104
218 99 219 104
220 99 221 104
223 99 224 104
225 99 226 104
227 99 228 104
229 99 230 104
231 99 232 104
233 99 234 104
235 99 236 104
237 99 238 104
239 99 240 104
242 99 243 104
244 99 245 104
248 99 249 104
0 105 1 110
2 105 3 110
4 105 5 110
6 105 7 110
8 105 9 110
11 105 12 110
13 105 14 110
15 105 16 110
17 105 18 110
19 105 20 110
21 105 22 110
23 105 24 110
25 105 26 110
27 105 28 110
30 105 31 110
32 105 33 110
34 105 35 110
36 105 37 110
38 105 39 110
40 105 41 110
42 105 43 110
44 105 45 110
46 105 47 110
48 105 49 110
50 105 51 110
52 105 53 110
54 105 55 110
56 105 57 110
58 105 59 110
60 105 61 110
62 105 63 110
66 105 67 110
68 105 69 110
70 105 71 110
72 105 73 110
76 105 77 110
78 105 79 110
80 105 81 110
82 105 83 110
84 105 85 110
86 105 87 110
88 105 89 110
90 105 91 110
92 105 93 110
94 105 95 110
96 105 97 110
99 105 100 110
101 105 102 110
104 105 105 110
106 105 107 110
109 105 110 110
111 105 112 110
113 105 114 110
115 105 116 110
119 105 120 110
121 105 122 110
123 105 124 110
125 105 126 110
127 105 128 110
130 105 131 110
132 105 133 110
134 105 135 110
136 105 137 110
138 105 139 110
140 105 141 110
142 105 143 110
144 105 145 110
146 105 147 110
148 105 149 110
150 105 151 110
152 105 153 110
156 105 157 110
160 105 161 110
163 105 164 110
165 105 166 110
167 105 168 110
169 105 170 110
171 105 172 110
173 105 174 110
175 105 176 110
177 105 178 110
179 105 180 110
181 105 182 110
183 105 184 110
185 105 186 110
187 105 188 110
189 105 190 110
191 105 192 110
194 105 195 110
196 105 197 110
200 105 201 110
202 105 203 110
204 105 205 110
206 105 207 110
208 105 209 110
210 105 211 110
212 105 213 110
214 105 215 110
216 105 217 110
219 105 220 110
221 105 222 110
223 105 224 110
225 105 226 110
227 105 228 110
229 105 230 110
232 105 233 110
234 105 235 110
236 105 237 110
239 105 240 110
241 105 242 110
243 105 244 110
245 105 246 110
0 111 1 116
2 111 3 116
4 111 5 116
6 111 7 116
8 111 9 116
13 111 14 116
15 111 16 116
17 111 18 116
20 111 21 116
22 111 23 116
24 111 25 116
26 111 27 116
28 111 29 116
30 111 31 116
32 111 33 116
34 111 35 116
36 111 37 116
38 111 39 116
40 111 41 116
42 111 43 116
44 111 45 116
46 111 47 116
51 111 52 116
53 111 54 116
55 111 56 116
57 111 58 116
59 111 60 116
61 111 62 116
63 111 64 116
66 111 67 116
68 111 69 116
70 111 71 116
72 111 73 116
75 111 76 116
77 111 78 116
80 111 81 116
82 111 83 116
84 111 85 116
86 111 87 116
88 111 89 116
91 111 92 116
93 111 94 116
95 111 96 116
97 111 98 116
99 111 100 116
101 111 102 116
103 111 104 116
105 111 106 116
107 111 108 116
109 111 110 116
111 111 112 116
113 111 114 116
115 111 116 116
117 111 118 116
119 111 120 116
121 111 122 116
123 111 124 116
125 111 126 116
127 111 128 116
129 111 130 116
131 111 132 116
133 111 134 116
135 111 136 116
137 111 138 116
139 111 140 116
142 111 143 116
144 111 145 116
146 111 147 116
150 111 151 116
152 111 153 116
154 111 155 116
156 111 157 116
158 111 159 116
160 111 161 116
162 111 163 116
164 111 165 116
166 111 167 116
168 111 169 116
171 111 172 116
173 111 174 116
176 111 177 116
178 111 179 116
180 111 181 116
182 111 183 116
184 111 185 116
186 111 187 116
188 111 189 116
190 111 191 116
192 111 193 116
194 111 195 116
196 111 197 116
198 111 199 116
200 111 201 116
202 111 203 116
204 111 205 116
206 111 207 116
208 111 209 116
210 111 211 116
212 111 213 116
215 111 216 116
217 111 218 116
219 111 220 116
221 111 222 116
224 111 225 116
226 111 227 116
228 111 229 116
230 111 231 116
232 111 233 116
234 111 235 116
236 111 237 116
238 111 239 116
240 111 241 116
242 111 243 116
244 111 245 116
246 111 247 116
248 111 249 116
0 117 1 122
2 117 3 122
4 117 5 122
6 117 7 122
8 117 9 122
10 117 11 122
12 117 13 122
14 117 15 122
16 117 17 122
18 117 19 122
20 117 21 122
24 117 25 122
26 117 27 122
29 117 30 122
31 117 32 122
33 117 34 122
36 117 37 122
38 117 39 122
41 117 42 122
43 117 44 122
45 117 46 122
49 117 50 122
51 117 52 122
54 117 55 122
56 117 57 122
59 117 60 122
61 117 62 122
63 117 64 122
66 117 67 122
68 117 69 122
71 117 72 122
73 117 74 122
75 117 76 122
77 117 78 122
80 117 81 122
82 117 83 122
84 117 85 122
86 117 87 122
88 117 89 122
90 117 91 122
92 117 93 122
94 117 95 122
96 117 97 122
98 117 99 122
100 117 101 122
102 117 103 122
104 117 105 122
106 117 107 122
108 117 109 122
110 117 111 122
112 117 113 122
114 117 115 122
116 117 117 122
118 117 119 122
120 117 121 122
122 117 123 122
124 117 125 122
127 117 128 122
129 117 130 122
131 117 132 122
133 117 134 122
135 117 136 122
137 117 138 122
139 117 140 122
141 117 142 122
143 117 144 122
145 117 146 122
147 117 148 122
149 117 150 122
151 117 152 122
153 117 154 122
155 117 156 122
157 117 158 122
159 117 160 122
161 117 162 122
163 117 164 122
165 117 166 122
168 117 169 122
170 117 171 122
172 117 173 122
175 117 176 122
177 117 178 122
179 117 180 122
181 117 182 122
183 117 184 122
185 117 186 122
188 117 189 122
190 117 191 122
192 117 193 122
194 117 195 122
196 117 197 122
198 117 199 122
200 117 201 122
202 117 203 122
204 117 205 122
206 117 207 122
209 117 210 122
211 117 212 122
213 117 214 122
216 117 217 122
218 117 219 122
220 117 221 122
222 117 223 122
224 117 225 122
226 117 227 122
228 117 229 122
230 117 231 122
232 117 233 122
234 117 235 122
236 117 237 122
238 117 239 122
240 117 241 122
242 117 243 122
244 117 245 122
246 117 247 122
248 117 249 122
0 121 2 124
4 121 6 124
7 121 9 124
10 121 12 124
13 121 15 124
16 121 18 124
19 121 21 124
24 121 26 124
27 121 29 124
30 121 32 124
34 121 36 124
37 121 39 124
42 121 44 124
45 121 47 124
48 121 50 124
51 121 53 124
54 121 56 124
57 121 59 124
60 121 62 124
63 121 65 124
66 121 68 124
69 121 71 124
72 121 74 124
75 121 77 124
78 121 80 124
81 121 83 124
84 121 86 124
87 121 89 124
91 121 93 124
94 121 96 124
97 121 99 124
101 121 103 124
104 121 106 124
107 121 109 124
110 121 112 124
114 121 116 124
117 121 119 124
120 121 122 124
123 121 125 124
127 121 129 124
131 121 133 124
134 121 136 124
139 121 141 124
142 121 144 124
145 121 147 124
148 121 150 124
151 121 153 124
154 121 156 124
157 121 159 124
160 121 162 124
163 121 165 124
168 121 170 124
171 121 173 124
175 121 177 124
178 121 180 124
181 121 183 124
184 121 186 124
189 121 191 124
192 121 194 124
195 121 197 124
198 121 200 124
201 121 203 124
204 121 206 124
208 121 210 124
212 121 214 124
215 121 217 124
218 121 220 124
221 121 223 124
224 121 226 124
227 121 229 124
230 121 232 124
233 121 235 124
237 121 239 124
240 121 242 124
243 121 245 124
246 121 248 124
1 127 2 132
3 127 4 132
5 127 6 132
7 127 8 132
9 127 10 132
11 127 12 132
13 127 14 132
16 127 17 132
20 127 21 132
23 127 24 132
25 127 26 132
27 127 28 132
29 127 30 132
31 127 32 132
34 127 35 132
37 127 38 132
39 127 40 132
41 127 42 132
43 127 44 132
45 127 46 132
47 127 48 132
49 127 50 132
51 127 52 132
53 127 54 132
55 127 56 132
57 127 58 132
59 127 60 132
61 127 62 132
63 127 64 132
65 127 66 132
68 127 69 132
70 127 71 132
72 127 73 132
74 127 75 132
76 127 77 132
78 127 79 132
80 127 81 132
82 127 83 132
84 127 85 132
86 127 87 132
88 127 89 132
90 127 91 132
92 127 93 132
95 127 96 132
97 127 98 132
99 127 100 132
101 127 102 132
103 127 104 132
105 127 106 132
107 127 108 132
109 127 110 132
111 127 112 132
113 127 114 132
115 127 116 132
117 127 118 132
119 127 120 132
121 127 122 132
123 127 124 132
125 127 126 132
127 127 128 132
129 127 130 132
131 127 132 132
133 127 134 132
135 127 136 132
137 127 138 132
139 127 140 132
141 127 142 132
143 127 144 132
145 127 146 132
147 127 148 132
150 127 151 132
152 127 153 132
154 127 155 132
156 127 157 132
158 127 159 132
160 127 161 132
162 127 163 132
164 127 165 132
166 127 167 132
168 127 169 132
170 127 171 132
173 127 174 132
176 127 177 132
178 127 179 132
180 127 181 132
182 127 183 132
184 127 185 132
186 127 187 132
188 127 189 132
190 127 191 132
192 127 193 132
195 127 196 132
197 127 198 132
199 127 200 132
201 127 202 132
203 127 204 132
206 127 207 132
208 127 209 132
210 127 211 132
213 127 214 132
215 127 216 132
217 127 218 132
219 127 220 132
221 127 222 132
223 127 224 132
225 127 226 132
227 127 228 132
231 127 232 132
233 127 234 132
236 127 237 132
238 127 239 132
240 127 241 132
242 127 243 132
244 127 245 132
246 127 247 132
248 127 249 132
0 133 1 138
2 133 3 138
4 133 5 138
6 133 7 138
8 133 9 138
10 133 11 138
12 133 13 138
14 133 15 138
17 133 18 138
19 133 20 138
23 133 24 138
25 133 26 138
27 133 28 138
29 133 30 138
31 133 32 138
34 133 35 138
36 133 37 138
38 133 39 138
41 133 42 138
43 133 44 138
45 133 46 138
47 133 48 138
49 133 50 138
51 133 52 138
53 133 54 138
55 133 56 138
57 133 58 138
59 133 60 138
61 133 62 138
63 133 64 138
69 133 70 138
71 133 72 138
73 133 74 138
75 133 76 138
78 133 79 138
82 133 83 138
84 133 85 138
87 133 88 138
89 133 90 138
91 133 92 138
94 133 95 138
96 133 97 138
98 133 99 138
100 133 101 138
102 133 103 138
104 133 105 138
106 133 107 138
108 133 109 138
111 133 112 138
113 133 114 138
115 133 116 138
117 133 118 138
119 133 120 138
121 133 122 138
123 133 124 138
125 133 126 138
127 133 128 138
129 133 130 138
131 133 132 138
135 133 136 138
137 133 138 138
139 133 140 138
141 133 142 138
143 133 144 138
147 133 148 138
149 133 150 138
152 133 153 138
154 133 155 138
156 133 157 138
158 133 159 138
160 133 161 138
163 133 164 138
165 133 166 138
167 133 168 138
169 133 170 138
171 133 172 138
173 133 174 138
175 133 176 138
177 133 178 138
179 133 180 138
181 133 182 138
184 133 185 138
186 133 187 138
188 133 189 138
190 133 191 138
192 133 193 138
194 133 195 138
196 133 197 138
198 133 199 138
200 133 201 138
204 133 205 138
206 133 207 138
208 133 209 138
210 133 211 138
212 133 213 138
214 133 215 138
217 133 218 138
219 133 220 138
221 133 222 138
223 133 224 138
225 133 226 138
227 133 228 138
229 133 230 138
232 133 233 138
234 133 235 138
236 133 237 138
238 133 239 138
240 133 241 138
245 133 246 138
0 139 1 144
2 139 3 144
4 139 5 144
6 139 7 144
8 139 9 144
10 139 11 144
13 139 14 144
15 139 16 144
17 139 18 144
19 139 20 144
23 139 24 144
25 139 26 144
29 139 30 144
31 139 32 144
33 139 34 144
35 139 36 144
39 139 40 144
41 139 42 144
43 139 44 144
45 139 46 144
47 139 48 144
49 139 50 144
51 139 52 144
53 139 54 144
55 139 56 144
58 139 59 144
60 139 61 144
62 139 63 144
64 139 65 144
66 139 67 144
68 139 69 144
70 139 71 144
72 139 73 144
74 139 75 144
77 139 78 144
79 139 80 144
83 139 84 144
85 139 86 144
87 139 88 144
89 139 90 144
92 139 93 144
94 139 95 144
96 139 97 144
98 139 99 144
100 139 101 144
102 139 103 144
104 139 105 144
106 139 107 144
108 139 109 144
111 139 112 144
113 139 114 144
115 139 116 144
117 139 118 144
119 139 120 144
122 139 123 144
124 139 125 144
126 139 127 144
128 139 129 144
130 139 131 144
132 139 133 144
134 139 135 144
136 139 137 144
138 139 139 144
140 139 141 144
142 139 143 144
144 139 145 144
147 139 148 144
149 139 150 144
151 139 152 144
153 139 154 144
157 139 158 144
159 139 160 144
162 139 163 144
164 139 165 144
166 139 167 144
169 139 170 144
171 139 172 144
173 139 174 144
175 139 176 144
177 139 178 144
179 139 180 144
181 139 182 144
183 139 184 144
185 139 186 144
187 139 188 144
189 139 190 144
191 139 192 144
194 139 195 144
196 139 197 144
198 139 199 144
200 139 201 144
202 139 203 144
204 139 205 144
206 139 207 144
208 139 209 144
212 139 213 144
214 139 215 144
216 139 217 144
218 139 219 144
220 139 221 144
223 139 224 144
225 139 226 144
227 139 228 144
229 139 230 144
231 139 232 144
233 139 234 144
235 139 236 144
238 139 239 144
240 139 241 144
242 139 243 144
244 139 245 144
246 139 247 144
248 139 249 144
0 145 1 150
2 145 3 150
6 145 7 150
10 145 11 150
12 145 13 150
14 145 15 150
16 145 17 150
19 145 20 150
21 145 22 150
23 145 24 150
25 145 26 150
27 145 28 150
29 145 30 150
31 145 32 150
33 145 34 150
35 145 36 150
37 145 38 150
39 145 40 150
41 145 42 150
43 145 44 150
45 145 46 150
47 145 48 150
49 145 50 150
51 145 52 150
53 145 54 150
56 145 57 150
58 145 59 150
60 145 61 150
62 145 63 150
64 145 65 150
66 145 67 150
68 145 69 150
70 145 71 150
73 145 74 150
76 145 77 150
78 145 79 150
81 145 82 150
83 145 84 150
85 145 86 150
87 145 88 150
89 145 90 150
91 145 92 150
93 145 94 150
95 145 96 150
97 145 98 150
99 145 100 150
102 145 103 150
104 145 105 150
106 145 107 150
108 145 109 150
111 145 112 150
113 145 114 150
116 145 117 150
118 145 119 150
120 145 121 150
123 145 124 150
127 145 128 150
129 145 130 150
132 145 133 150
134 145 135 150
136 145 137 150
138 145 139 150
140 145 141 150
142 145 143 150
144 145 145 150
146 145 147 150
148 145 149 150
150 145 151 150
153 145 154 150
157 145 158 150
159 145 160 150
161 145 162 150
163 145 164 150
165 145 166 150
167 145 168 150
171 145 172 150
173 145 174 150
175 145 176 150
177 145 178 150
179 145 180 150
181 145 182 150
183 145 184 150
186 145 187 150
189 145 190 150
191 145 192 150
193 145 194 150
195 145 196 150
197 145 198 150
199 145 200 150
201 145 202 150
203 145 204 150
207 145 208 150
209 145 210 150
213 145 214 150
215 145 216 150
217 145 218 150
219 145 220 150
221 145 222 150
223 145 224 150
225 145 226 150
227 145 228 150
229 145 230 150
231 145 232 150
233 145 234 150
235 145 236 150
237 145 238 150
239 145 240 150
241 145 242 150
245 145 246 150
247 145 248 150
0 151 1 156
2 151 3 156
4 151 5 156
6 151 7 156
8 151 9 156
10 151 11 156
12 151 13 156
14 151 15 156
16 151 17 156
18 151 19 156
20 151 21 156
22 151 23 156
24 151 25 156
27 151 28 156
29 151 30 156
31 151 32 156
33 151 34 156
35 151 36 156
37 151 38 156
39 151 40 156
41 151 42 156
43 151 44 156
45 151 46 156
47 151 48 156
49 151 50 156
51 151 52 156
53 151 54 156
57 151 58 156
59 151 60 156
61 151 62 156
63 151 64 156
65 151 66 156
67 151 68 156
69 151 70 156
71 151 72 156
73 151 74 156
75 151 76 156
77 151 78 156
79 151 80 156
81 151 82 156
83 151 84 156
85 151 86 156
87 151 88 156
89 151 90 156
91 151 92 156
94 151 95 156
96 151 97 156
98 151 99 156
100 151 101 156
103 151 104 156
106 151 107 156
108 151 109 156
110 151 111 156
112 151 113 156
114 151 115 156
116 151 117 156
118 151 119 156
120 151 121 156
123 151 124 156
125 151 126 156
127 151 128 156
129 151 130 156
131 151 132 156
133 151 134 156
135 151 136 156
137 151 138 156
139 151 140 156
141 151 142 156
143 151 144 156
145 151 146 156
147 151 148 156
149 151 150 156
151 151 152 156
153 151 154 156
155 151 156 156
157 151 158 156
159 151 160 156
161 151 162 156
163 151 164 156
165 151 166 156
167 151 168 156
169 151 170 156
172 151 173 156
174 151 175 156
176 151 177 156
178 151 179 156
181 151 182 156
183 151 184 156
185 151 186 156
187 151 188 156
189 151 190 156
191 151 192 156
193 151 194 156
195 151 196 156
197 151 198 156
199 151 200 156
203 151 204 156
205 151 206 156
207 151 208 156
209 151 210 156
211 151 212 156
213 151 214 156
215 151 216 156
218 151 219 156
220 151 221 156
222 151 223 156
224 151 225 156
226 151 227 156
229 151 230 156
231 151 232 156
233 151 234 156
235 151 236 156
237 151 238 156
239 151 240 156
242 151 243 156
244 151 245 156
246 151 247 156
248 151 249 156
2 157 3 162
4 157 5 162
6 157 7 162
8 157 9 162
10 157 11 162
13 157 14 162
15 157 16 162
17 157 18 162
20 157 21 162
22 157 23 162
24 157 25 162
27 157 28 162
29 157 30 162
31 157 32 162
33 157 34 162
35 157 36 162
37 157 38 162
39 157 40 162
43 157 44 162
45 157 46 162
47 157 48 162
49 157 50 162
51 157 52 162
53 157 54 162
55 157 56 162
57 157 58 162
59 157 60 162
61 157 62 162
63 157 64 162
65 157 66 162
67 157 68 162
70 157 71 162
72 157 73 162
76 157 77 162
78 157 79 162
80 157 81 162
82 157 83 162
84 157 85 162
86 157 87 162
88 157 89 162
92 157 93 162
94 157 95 162
96 157 97 162
98 157 99 162
100 157 101 162
103 157 104 162
107 157 108 162
109 157 110 162
111 157 112 162
113 157 114 162
115 157 116 162
117 157 118 162
119 157 120 162
121 157 122 162
123 157 124 162
125 157 126 162
127 157 128 162
129 157 130 162
131 157 132 162
133 157 134 162
135 157 136 162
137 157 138 162
139 157 140 162
141 157 142 162
143 157 144 162
145 157 146 162
147 157 148 162
149 157 150 162
151 157 152 162
153 157 154 162
156 157 157 162
158 157 159 162
160 157 161 162
162 157 163 162
164 157 165 162
166 157 167 162
168 157 169 162
170 157 171 162
172 157 173 162
174 157 175 162
176 157 177 162
178 157 179 162
180 157 181 162
182 157 183 162
187 157 188 162
189 157 190 162
191 157 192 162
193 157 194 162
195 157 196 162
197 157 198 162
199 157 200 162
203 157 204 162
205 157 206 162
207 157 208 162
209 157 210 162
211 157 212 162
213 157 214 162
215 157 216 162
217 157 218 162
219 157 220 162
221 157 222 162
224 157 225 162
226 157 227 162
228 157 229 162
230 157 231 162
232 157 233 162
234 157 235 162
236 157 237 162
238 157 239 162
240 157 241 162
243 157 244 162
247 157 248 162
0 163 1 168
2 163 3 168
4 163 5 168
6 163 7 168
8 163 9 168
10 163 11 168
12 163 13 168
14 163 15 168
16 163 17 168
18 163 19 168
20 163 21 168
22 163 23 168
24 163 25 168
26 163 27 168
28 163 29 168
30 163 31 168
34 163 35 168
36 163 37 168
38 163 39 168
40 163 41 168
44 163 45 168
46 163 47 168
48 163 49 168
50 163 51 168
52 163 53 168
54 163 55 168
56 163 57 168
58 163 59 168
60 163 61 168
62 163 63 168
64 163 65 168
66 163 67 168
68 163 69 168
70 163 71 168
72 163 73 168
74 163 75 168
76 163 77 168
78 163 79 168
80 163 81 168
82 163 83 168
84 163 85 168
86 163 87 168
88 163 89 168
90 163 91 168
93 163 94 168
95 163 96 168
98 163 99 168
100 163 101 168
103 163 104 168
105 163 106 168
107 163 108 168
109 163 110 168
111 163 112 168
113 163 114 168
116 163 117 168
118 163 119 168
120 163 121 168
122 163 123 168
125 163 126 168
129 163 130 168
131 163 132 168
133 163 134 168
138 163 139 168
141 163 142 168
143 163 144 168
145 163 146 168
147 163 148 168
149 163 150 168
151 163 152 168
153 163 154 168
155 163 156 168
157 163 158 168
159 163 160 168
161 163 162 168
163 163 164 168
165 163 166 168
167 163 168 168
169 163 170 168
171 163 172 168
173 163 174 168
175 163 176 168
177 163 178 168
180 163 181 168
182 163 183 168
184 163 185 168
186 163 187 168
188 163 189 168
190 163 191 168
192 163 193 168
194 163 195 168
196 163 197 168
199 163 200 168
201 163 202 168
203 163 204 168
205 163 206 168
207 163 208 168
209 163 210 168
211 163 212 168
213 163 214 168
215 163 216 168
217 163 218 168
219 163 220 168
221 163 222 168
223 163 224 168
225 163 226 168
227 163 228 168
229 163 230 168
231 163 232 168
234 163 235 168
236 163 237 168
238 163 239 168
240 163 241 168
242 163 243 168
244 163 245 168
246 163 247 168
248 163 249 168
0 169 1 174
2 169 3 174
5 169 6 174
7 169 8 174
10 169 11 174
12 169 13 174
15 169 16 174
18 169 19 174
21 169 22 174
23 169 24 174
26 169 27 174
28 169 29 174
30 169 31 174
34 169 35 174
36 169 37 174
38 169 39 174
40 169 41 174
42 169 43 174
44 169 45 174
46 169 47 174
48 169 49 174
50 169 51 174
52 169 53 174
54 169 55 174
56 169 57 174
58 169 59 174
60 169 61 174
62 169 63 174
64 169 65 174
66 169 67 174
68 169 69 174
70 169 71 174
72 169 73 174
74 169 75 174
76 169 77 174
78 169 79 174
80 169 81 174
82 169 83 174
84 169 85 174
87 169 88 174
89 169 90 174
91 169 92 174
93 169 94 174
95 169 96 174
97 169 98 174
99 169 100 174
101 169 102 174
105 169 106 174
107 169 108 174
111 169 112 174
113 169 114 174
115 169 116 174
117 169 118 174
119 169 120 174
122 169 123 174
124 169 125 174
126 169 127 174
128 169 129 174
130 169 131 174
132 169 133 174
134 169 135 174
136 169 137 174
138 169 139 174
141 169 142 174
143 169 144 174
145 169 146 174
147 169 148 174
149 169 150 174
151 169 152 174
153 169 154 174
155 169 156 174
157 169 158 174
159 169 160 174
161 169 162 174
163 169 164 174
165 169 166 174
167 169 168 174
170 169 171 174
172 169 173 174
175 169 176 174
177 169 178 174
179 169 180 174
182 169 183 174
184 169 185 174
186 169 187 174
188 169 189 174
190 169 191 174
193 169 194 174
196 169 197 174
198 169 199 174
200 169 201 174
203 169 204 174
205 169 206 174
207 169 208 174
209 169 210 174
212 169 213 174
214 169 215 174
216 169 217 174
218 169 219 174
220 169 221 174
222 169 223 174
224 169 225 174
226 169 227 174
228 169 229 174
230 169 231 174
232 169 233 174
234 169 235 174
236 169 237 174
238 169 239 174
240 169 241 174
242 169 243 174
244 169 245 174
248 169 249 174
0 175 1 180
2 175 3 180
4 175 5 180
6 175 7 180
8 175 9 180
10 175 11 180
12 175 13 180
14 175 15 180
16 175 17 180
18 175 19 180
20 175 21 180
23 175 24 180
25 175 26 180
27 175 28 180
29 175 30 180
31 175 32 180
33 175 34 180
35 175 36 180
37 175 38 180
39 175 40 180
41 175 42 180
43 175 44 180
45 175 46 180
47 175 48 180
50 175 51 180
52 175 53 180
54 175 55 180
56 175 57 180
58 175 59 180
60 175 61 180
62 175 63 180
64 175 65 180
67 175 68 180
69 175 70 180
71 175 72 180
73 175 74 180
75 175 76 180
77 175 78 180
79 175 80 180
81 175 82 180
83 175 84 180
88 175 89 180
90 175 91 180
92 175 93 180
94 175 95 180
96 175 97 180
98 175 99 180
100 175 101 180
102 175 103 180
104 175 105 180
106 175 107 180
108 175 109 180
110 175 111 180
112 175 113 180
114 175 115 180
116 175 117 180
118 175 119 180
120 175 121 180
122 175 123 180
124 175 125 180
126 175 127 180
128 175 129 180
130 175 131 180
134 175 135 180
136 175 137 180
138 175 139 180
142 175 143 180
144 175 145 180
146 175 147 180
148 175 149 180
150 175 151 180
154 175 155 180
156 175 157 180
158 175 159 180
161 175 162 180
163 175 164 180
166 175 167 180
170 175 171 180
172 175 173 180
174 175 175 180
176 175 177 180
178 175 179 180
180 175 181 180
182 175 183 180
184 175 185 180
186 175 187 180
189 175 190 180
191 175 192 180
193 175 194 180
195 175 196 180
197 175 198 180
199 175 200 180
203 175 204 180
205 175 206 180
207 175 208 180
209 175 210 180
211 175 212 180
213 175 214 180
215 175 216 180
217 175 218 180
219 175 220 180
221 175 222 180
223 175 224 180
225 175 226 180
227 175 228 180
230 175 231 180
232 175 233 180
234 175 235 180
236 175 237 180
238 175 239 180
240 175 241 180
242 175 243 180
245 175 246 180
247 175 248 180
0 181 1 186
2 181 3 186
4 181 5 186
6 181 7 186
8 181 9 186
10 181 11 186
12 181 13 186
14 181 15 186
16 181 17 186
18 181 19 186
20 181 21 186
22 181 23 186
25 181 26 186
27 181 28 186
29 181 30 186
31 181 32 186
33 181 34 186
35 181 36 186
37 181 38 186
39 181 40 186
41 181 42 186
43 181 44 186
45 181 46 186
49 181 50 186
52 181 53 186
54 181 55 186
56 181 57 186
58 181 59 186
61 181 62 186
63 181 64 186
66 181 67 186
68 181 69 186
70 181 71 186
72 181 73 186
74 181 75 186
76 181 77 186
78 181 79 186
80 181 81 186
82 181 83 186
84 181 85 186
86 181 87 186
88 181 89 186
90 181 91 186
92 181 93 186
94 181 95 186
96 181 97 186
98 181 99 186
100 181 101 186
102 181 103 186
104 181 105 186
106 181 107 186
108 181 109 186
110 181 111 186
112 181 113 186
114 181 115 186
116 181 117 186
118 181 119 186
120 181 121 186
122 181 123 186
124 181 125 186
126 181 127 186
128 181 129 186
131 181 132 186
133 181 134 186
135 181 136 186
137 181 138 186
139 181 140 186
141 181 142 186
143 181 144 186
145 181 146 186
147 181 148 186
149 181 150 186
151 181 152 186
153 181 154 186
156 181 157 186
158 181 159 186
160 181 161 186
162 181 163 186
164 181 165 186
166 181 167 186
168 181 169 186
170 181 171 186
172 181 173 186
176 181 177 186
178 181 179 186
180 181 181 186
182 181 183 186
184 181 185 186
186 181 187 186
188 181 189 186
190 181 191 186
192 181 193 186
194 181 195 186
196 181 197 186
198 181 199 186
200 181 201 186
202 181 203 186
204 181 205 186
209 181 210 186
211 181 212 186
213 181 214 186
216 181 217 186
218 181 219 186
220 181 221 186
222 181 223 186
224 181 225 186
227 181 228 186
229 181 230 186
231 181 232 186
233 181 234 186
235 181 236 186
237 181 238 186
239 181 240 186
241 181 242 186
243 181 244 186
245 181 246 186
247 181 248 186
0 187 1 192
4 187 5 192
6 187 7 192
8 187 9 192
10 187 11 192
12 187 13 192
14 187 15 192
16 187 17 192
18 187 19 192
20 187 21 192
22 187 23 192
25 187 26 192
27 187 28 192
29 187 30 192
31 187 32 192
33 187 34 192
37 187 38 192
39 187 40 192
41 187 42 192
43 187 44 192
46 187 47 192
48 187 49 192
50 187 51 192
52 187 53 192
54 187 55 192
56 187 57 192
58 187 59 192
60 187 61 192
62 187 63 192
64 187 65 192
66 187 67 192
68 187 69 192
70 187 71 192
74 187 75 192
76 187 77 192
78 187 79 192
80 187 81 192
82 187 83 192
84 187 85 192
88 187 89 192
90 187 91 192
92 187 93 192
96 187 97 192
98 187 99 192
100 187 101 192
102 187 103 192
106 187 107 192
108 187 109 192
111 187 112 192
114 187 115 192
116 187 117 192
118 187 119 192
120 187 121 192
122 187 123 192
124 187 125 192
126 187 127 192
128 187 129 192
130 187 131 192
132 187 133 192
136 187 137 192
138 187 139 192
140 187 141 192
142 187 143 192
145 187 146 192
147 187 148 192
149 187 150 192
151 187 152 192
153 187 154 192
155 187 156 192
157 187 158 192
159 187 160 192
161 187 162 192
164 187 165 192
167 187 168 192
169 187 170 192
174 187 175 192
176 187 177 192
178 187 179 192
180 187 181 192
182 187 183 192
184 187 185 192
186 187 187 192
189 187 190 192
191 187 192 192
194 187 195 192
196 187 197 192
198 187 199 192
200 187 201 192
202 187 203 192
204 187 205 192
206 187 207 192
208 187 209 192
212 187 213 192
214 187 215 192
216 187 217 192
218 187 219 192
220 187 221 192
222 187 223 192
226 187 227 192
228 187 229 192
230 187 231 192
232 187 233 192
234 187 235 192
236 187 237 192
238 187 239 192
240 187 241 192
242 187 243 192
244 187 245 192
246 187 247 192
248 187 249 192
0 193 1 198
2 193 3 198
4 193 5 198
6 193 7 198
8 193 9 198
10 193 11 198
12 193 13 198
14 193 15 198
16 193 17 198
18 193 19 198
20 193 21 198
22 193 23 198
24 193 25 198
26 193 27 198
28 193 29 198
30 193 31 198
32 193 33 198
35 193 36 198
37 193 38 198
39 193 40 198
42 193 43 198
46 193 47 198
48 193 49 198
51 193 52 198
53 193 54 198
55 193 56 198
57 193 58 198
59 193 60 198
61 193 62 198
63 193 64 198
65 193 66 198
67 193 68 198
71 193 72 198
73 193 74 198
75 193 76 198
77 193 78 198
79 193 80 198
81 193 82 198
88 193 89 198
90 193 91 198
92 193 93 198
94 193 95 198
96 193 97 198
100 193 101 198
102 193 103 198
105 193 106 198
107 193 108 198
109 193 110 198
111 193 112 198
113 193 114 198
115 193 116 198
118 193 119 198
120 193 121 198
122 193 123 198
125 193 126 198
127 193 128 198
129 193 130 198
131 193 132 198
133 193 134 198
135 193 136 198
137 193 138 198
139 193 140 198
141 193 142 198
143 193 144 198
145 193 146 198
147 193 148 198
149 193 150 198
151 193 152 198
153 193 154 198
156 193 157 198
158 193 159 198
160 193 161 198
163 193 164 198
165 193 166 198
167 193 168 198
169 193 170 198
171 193 172 198
173 193 174 198
175 193 176 198
177 193 178 198
179 193 180 198
181 193 182 198
183 193 184 198
185 193 186 198
187 193 188 198
189 193 190 198
192 193 193 198
194 193 195 198
196 193 197 198
198 193 199 198
200 193 201 198
202 193 203 198
204 193 205 198
207 193 208 198
209 193 210 198
211 193 212 198
213 193 214 198
215 193 216 198
217 193 218 198
219 193 220 198
221 193 222 198
223 193 224 198
225 193 226 198
227 193 228 198
229 193 230 198
231 193 232 198
233 193 234 198
236 193 237 198
238 193 239 198
240 193 241 198
242 193 243 198
244 193 245 198
246 193 247 198
248 193 249 198
0 196 3 198
5 196 8 198
10 196 13 198
20 196 23 198
26 196 29 198
30 196 33 198
35 196 38 198
39 196 42 198
44 196 47 198
48 196 51 198
52 196 55 198
56 196 59 198
60 196 63 198
64 196 67 198
68 196 71 198
72 196 75 198
76 196 79 198
80 196 83 198
84 196 87 198
90 196 93 198
94 196 97 198
98 196 101 198
102 196 105 198
106 196 109 198
110 196 113 198
114 196 117 198
118 196 121 198
125 196 128 198
129 196 132 198
133 196 136 198
137 196 140 198
141 196 144 198
145 196 148 198
150 196 153 198
154 196 157 198
158 196 161 198
162 196 165 198
167 196 170 198
171 196 174 198
175 196 178 198
179 196 182 198
183 196 186 198
187 196 190 198
192 196 195 198
197 196 200 198
201 196 204 198
207 196 210 198
211 196 214 198
215 196 218 198
219 196 222 198
223 196 226 198
227 196 230 198
231 196 234 198
235 196 238 198
239 196 242 198
244 196 247 198
0 198 5 199
6 198 11 199
12 198 17 199
21 198 26 199
28 198 33 199
34 198 39 199
45 198 50 199
51 198 56 199
57 198 62 199
63 198 68 199
69 198 74 199
81 198 86 199
88 198 93 199
96 198 101 199
102 198 107 199
108 198 113 199
114 198 119 199
120 198 125 199
126 198 131 199
137 198 142 199
143 198 148 199
150 198 155 199
156 198 161 199
162 198 167 199
171 198 176 199
177 198 182 199
183 198 188 199
191 198 196 199
197 198 202 199
203 198 208 199
209 198 214 199
215 198 220 199
221 198 226 199
227 198 232 199
233 198 238 199
239 198 244 199
2 199 13 199
14 199 25 199
26 199 37 199
38 199 49 199
50 199 61 199
62 199 73 199
82 199 93 199
97 199 108 199
115 199 126 199
127 199 138 199
139 199 150 199
151 199 162 199
163 199 174 199
175 199 186 199
187 199 198 199
199 199 210 199
211 199 222 199
223 199 234 199
238 199 249 199